04/24/2025 18:26:52	Reading UID database.
04/24/2025 18:26:52	Start loading STAAD model.
04/24/2025 18:26:52	Reading model file.
04/24/2025 18:26:52	Reading model file is complete.
04/24/2025 18:26:52	Processing support.
04/24/2025 18:26:52	Processing springs.
04/24/2025 18:26:52	Processing properties.
04/24/2025 18:26:52	Processing physical properties.
04/24/2025 18:26:52	Processing constants.
04/24/2025 18:26:52	Processing BETA constants.
04/24/2025 18:26:52	Processing hidden analytical member loads.
04/24/2025 18:26:52	Processing command list for member release.
04/24/2025 18:26:52	Processing command list for member offset.
04/24/2025 18:26:52	Processing command list for member specs (cracked).
04/24/2025 18:26:52	Processing command list for member specs (axial).
04/24/2025 18:26:52	Processing command list for element release.
04/24/2025 18:26:52	Processing command list for element offset.
04/24/2025 18:26:52	Processing command list for element plate stress directive.
04/24/2025 18:26:52	Processing parameter for Chinese wind load case.
04/24/2025 18:26:52	End Processing command list.
04/24/2025 18:26:52	End loading STAAD model.
04/24/2025 18:26:52	Start Post Analysis method
04/24/2025 18:26:52	Removed all hidden plates from surfaces
04/24/2025 18:26:52	Removed all hidden plates
04/24/2025 18:26:52	Removed all hidden nodes
04/24/2025 18:26:52	Loading results from MSH file...
04/24/2025 18:26:52	Building result indices...
04/24/2025 18:26:52	Loading plate stress results...
04/24/2025 18:26:52	Set analysis report setup data
04/24/2025 18:26:52	Starting page setup...
04/24/2025 18:26:52	Page setup completed
04/24/2025 18:26:52	Setting available workflows...
04/24/2025 18:26:52	Post analysis method ends
04/24/2025 18:27:25	Reading UID database.
04/24/2025 18:27:25	Start loading STAAD model.
04/24/2025 18:27:25	Reading model file.
04/24/2025 18:27:25	Reading model file is complete.
04/24/2025 18:27:25	Processing support.
04/24/2025 18:27:25	Processing springs.
04/24/2025 18:27:25	Processing properties.
04/24/2025 18:27:25	Processing physical properties.
04/24/2025 18:27:25	Processing constants.
04/24/2025 18:27:25	Processing BETA constants.
04/24/2025 18:27:25	Processing hidden analytical member loads.
04/24/2025 18:27:25	Processing command list for member release.
04/24/2025 18:27:25	Processing command list for member offset.
04/24/2025 18:27:25	Processing command list for member specs (cracked).
04/24/2025 18:27:25	Processing command list for member specs (axial).
04/24/2025 18:27:25	Processing command list for element release.
04/24/2025 18:27:25	Processing command list for element offset.
04/24/2025 18:27:25	Processing command list for element plate stress directive.
04/24/2025 18:27:25	Processing parameter for Chinese wind load case.
04/24/2025 18:27:25	End Processing command list.
04/24/2025 18:27:25	End loading STAAD model.
04/24/2025 18:27:25	Start Post Analysis method
04/24/2025 18:27:25	Removed all hidden plates from surfaces
04/24/2025 18:27:25	Removed all hidden plates
04/24/2025 18:27:25	Removed all hidden nodes
04/24/2025 18:27:25	Loading results from MSH file...
04/24/2025 18:27:25	Building result indices...
04/24/2025 18:27:25	Loading plate stress results...
04/24/2025 18:27:25	Set analysis report setup data
04/24/2025 18:27:25	Starting page setup...
04/24/2025 18:27:25	Page setup completed
04/24/2025 18:27:25	Setting available workflows...
04/24/2025 18:27:25	Post analysis method ends
