04/24/2025 18:30:04	Reading UID database.
04/24/2025 18:30:04	Start loading STAAD model.
04/24/2025 18:30:04	Reading model file.
04/24/2025 18:30:04	Reading model file is complete.
04/24/2025 18:30:04	Processing support.
04/24/2025 18:30:04	Processing springs.
04/24/2025 18:30:04	Processing properties.
04/24/2025 18:30:04	Processing physical properties.
04/24/2025 18:30:04	Processing constants.
04/24/2025 18:30:04	Processing BETA constants.
04/24/2025 18:30:04	Processing hidden analytical member loads.
04/24/2025 18:30:04	Processing command list for member release.
04/24/2025 18:30:04	Processing command list for member offset.
04/24/2025 18:30:04	Processing command list for member specs (cracked).
04/24/2025 18:30:04	Processing command list for member specs (axial).
04/24/2025 18:30:04	Processing command list for element release.
04/24/2025 18:30:04	Processing command list for element offset.
04/24/2025 18:30:04	Processing command list for element plate stress directive.
04/24/2025 18:30:04	Processing parameter for Chinese wind load case.
04/24/2025 18:30:04	End Processing command list.
04/24/2025 18:30:05	End loading STAAD model.
04/24/2025 18:30:05	Start Post Analysis method
04/24/2025 18:30:05	Removed all hidden plates from surfaces
04/24/2025 18:30:05	Removed all hidden plates
04/24/2025 18:30:05	Removed all hidden nodes
04/24/2025 18:30:05	Loading results from MSH file...
04/24/2025 18:30:05	Building result indices...
04/24/2025 18:30:05	Loading plate stress results...
04/24/2025 18:30:05	Set analysis report setup data
04/24/2025 18:30:05	Starting page setup...
04/24/2025 18:30:05	Page setup completed
04/24/2025 18:30:05	Setting available workflows...
04/24/2025 18:30:05	Post analysis method ends
04/24/2025 18:30:22	Reading UID database.
04/24/2025 18:30:22	Start loading STAAD model.
04/24/2025 18:30:22	Reading model file.
04/24/2025 18:30:22	Reading model file is complete.
04/24/2025 18:30:22	Processing support.
04/24/2025 18:30:22	Processing springs.
04/24/2025 18:30:22	Processing properties.
04/24/2025 18:30:22	Processing physical properties.
04/24/2025 18:30:22	Processing constants.
04/24/2025 18:30:22	Processing BETA constants.
04/24/2025 18:30:23	Processing hidden analytical member loads.
04/24/2025 18:30:23	Processing command list for member release.
04/24/2025 18:30:23	Processing command list for member offset.
04/24/2025 18:30:23	Processing command list for member specs (cracked).
04/24/2025 18:30:23	Processing command list for member specs (axial).
04/24/2025 18:30:23	Processing command list for element release.
04/24/2025 18:30:23	Processing command list for element offset.
04/24/2025 18:30:23	Processing command list for element plate stress directive.
04/24/2025 18:30:23	Processing parameter for Chinese wind load case.
04/24/2025 18:30:23	End Processing command list.
04/24/2025 18:30:25	End loading STAAD model.
04/24/2025 18:30:27	Start Post Analysis method
04/24/2025 18:30:27	Removed all hidden plates from surfaces
04/24/2025 18:30:27	Removed all hidden plates
04/24/2025 18:30:27	Removed all hidden nodes
04/24/2025 18:30:27	Loading results from MSH file...
04/24/2025 18:30:27	Building result indices...
04/24/2025 18:30:27	Loading plate stress results...
04/24/2025 18:30:27	Set analysis report setup data
04/24/2025 18:30:27	Starting page setup...
04/24/2025 18:30:27	Page setup completed
04/24/2025 18:30:27	Setting available workflows...
04/24/2025 18:30:27	Post analysis method ends
