04/24/2025 18:31:45	Reading UID database.
04/24/2025 18:31:45	Start loading STAAD model.
04/24/2025 18:31:45	Reading model file.
04/24/2025 18:31:45	Reading model file is complete.
04/24/2025 18:31:45	Processing support.
04/24/2025 18:31:45	Processing springs.
04/24/2025 18:31:45	Processing properties.
04/24/2025 18:31:45	Processing physical properties.
04/24/2025 18:31:45	Processing constants.
04/24/2025 18:31:45	Processing BETA constants.
04/24/2025 18:31:45	Processing hidden analytical member loads.
04/24/2025 18:31:45	Processing command list for member release.
04/24/2025 18:31:45	Processing command list for member offset.
04/24/2025 18:31:45	Processing command list for member specs (cracked).
04/24/2025 18:31:45	Processing command list for member specs (axial).
04/24/2025 18:31:45	Processing command list for element release.
04/24/2025 18:31:45	Processing command list for element offset.
04/24/2025 18:31:45	Processing command list for element plate stress directive.
04/24/2025 18:31:45	Processing parameter for Chinese wind load case.
04/24/2025 18:31:45	End Processing command list.
04/24/2025 18:31:45	End loading STAAD model.
04/24/2025 18:31:45	Start Post Analysis method
04/24/2025 18:31:45	Removed all hidden plates from surfaces
04/24/2025 18:31:45	Removed all hidden plates
04/24/2025 18:31:45	Removed all hidden nodes
04/24/2025 18:31:45	Loading results from MSH file...
04/24/2025 18:31:45	Building result indices...
04/24/2025 18:31:45	Loading plate stress results...
04/24/2025 18:31:45	Set analysis report setup data
04/24/2025 18:31:45	Starting page setup...
04/24/2025 18:31:45	Page setup completed
04/24/2025 18:31:45	Setting available workflows...
04/24/2025 18:31:45	Post analysis method ends
04/24/2025 18:32:05	Reading UID database.
04/24/2025 18:32:05	Start loading STAAD model.
04/24/2025 18:32:05	Reading model file.
04/24/2025 18:32:05	Reading model file is complete.
04/24/2025 18:32:05	Processing support.
04/24/2025 18:32:05	Processing springs.
04/24/2025 18:32:05	Processing properties.
04/24/2025 18:32:05	Processing physical properties.
04/24/2025 18:32:05	Processing constants.
04/24/2025 18:32:05	Processing BETA constants.
04/24/2025 18:32:05	Processing hidden analytical member loads.
04/24/2025 18:32:05	Processing command list for member release.
04/24/2025 18:32:05	Processing command list for member offset.
04/24/2025 18:32:05	Processing command list for member specs (cracked).
04/24/2025 18:32:05	Processing command list for member specs (axial).
04/24/2025 18:32:05	Processing command list for element release.
04/24/2025 18:32:05	Processing command list for element offset.
04/24/2025 18:32:05	Processing command list for element plate stress directive.
04/24/2025 18:32:05	Processing parameter for Chinese wind load case.
04/24/2025 18:32:05	End Processing command list.
04/24/2025 18:32:07	End loading STAAD model.
04/24/2025 18:32:10	Start Post Analysis method
04/24/2025 18:32:10	Removed all hidden plates from surfaces
04/24/2025 18:32:10	Removed all hidden plates
04/24/2025 18:32:10	Removed all hidden nodes
04/24/2025 18:32:10	Loading results from MSH file...
04/24/2025 18:32:10	Building result indices...
04/24/2025 18:32:10	Loading plate stress results...
04/24/2025 18:32:10	Set analysis report setup data
04/24/2025 18:32:10	Starting page setup...
04/24/2025 18:32:10	Page setup completed
04/24/2025 18:32:10	Setting available workflows...
04/24/2025 18:32:10	Post analysis method ends
