04/24/2025 18:27:51	Reading UID database.
04/24/2025 18:27:51	Start loading STAAD model.
04/24/2025 18:27:51	Reading model file.
04/24/2025 18:27:51	Reading model file is complete.
04/24/2025 18:27:51	Processing support.
04/24/2025 18:27:51	Processing springs.
04/24/2025 18:27:51	Processing properties.
04/24/2025 18:27:51	Processing physical properties.
04/24/2025 18:27:51	Processing constants.
04/24/2025 18:27:51	Processing BETA constants.
04/24/2025 18:27:51	Processing hidden analytical member loads.
04/24/2025 18:27:51	Processing command list for member release.
04/24/2025 18:27:51	Processing command list for member offset.
04/24/2025 18:27:51	Processing command list for member specs (cracked).
04/24/2025 18:27:51	Processing command list for member specs (axial).
04/24/2025 18:27:51	Processing command list for element release.
04/24/2025 18:27:51	Processing command list for element offset.
04/24/2025 18:27:51	Processing command list for element plate stress directive.
04/24/2025 18:27:51	Processing parameter for Chinese wind load case.
04/24/2025 18:27:51	End Processing command list.
04/24/2025 18:27:51	End loading STAAD model.
04/24/2025 18:27:51	Start Post Analysis method
04/24/2025 18:27:51	Removed all hidden plates from surfaces
04/24/2025 18:27:51	Removed all hidden plates
04/24/2025 18:27:51	Removed all hidden nodes
04/24/2025 18:27:51	Loading results from MSH file...
04/24/2025 18:27:51	Building result indices...
04/24/2025 18:27:51	Loading plate stress results...
04/24/2025 18:27:51	Set analysis report setup data
04/24/2025 18:27:51	Starting page setup...
04/24/2025 18:27:51	Page setup completed
04/24/2025 18:27:51	Setting available workflows...
04/24/2025 18:27:52	Post analysis method ends
04/24/2025 18:28:23	Reading UID database.
04/24/2025 18:28:23	Start loading STAAD model.
04/24/2025 18:28:23	Reading model file.
04/24/2025 18:28:23	Reading model file is complete.
04/24/2025 18:28:23	Processing support.
04/24/2025 18:28:23	Processing springs.
04/24/2025 18:28:23	Processing properties.
04/24/2025 18:28:23	Processing physical properties.
04/24/2025 18:28:23	Processing constants.
04/24/2025 18:28:23	Processing BETA constants.
04/24/2025 18:28:23	Processing hidden analytical member loads.
04/24/2025 18:28:23	Processing command list for member release.
04/24/2025 18:28:23	Processing command list for member offset.
04/24/2025 18:28:23	Processing command list for member specs (cracked).
04/24/2025 18:28:23	Processing command list for member specs (axial).
04/24/2025 18:28:23	Processing command list for element release.
04/24/2025 18:28:23	Processing command list for element offset.
04/24/2025 18:28:23	Processing command list for element plate stress directive.
04/24/2025 18:28:23	Processing parameter for Chinese wind load case.
04/24/2025 18:28:23	End Processing command list.
04/24/2025 18:28:25	End loading STAAD model.
04/24/2025 18:28:27	Start Post Analysis method
04/24/2025 18:28:27	Removed all hidden plates from surfaces
04/24/2025 18:28:27	Removed all hidden plates
04/24/2025 18:28:27	Removed all hidden nodes
04/24/2025 18:28:27	Loading results from MSH file...
04/24/2025 18:28:27	Building result indices...
04/24/2025 18:28:27	Loading plate stress results...
04/24/2025 18:28:27	Set analysis report setup data
04/24/2025 18:28:27	Starting page setup...
04/24/2025 18:28:27	Page setup completed
04/24/2025 18:28:27	Setting available workflows...
04/24/2025 18:28:27	Post analysis method ends
