04/24/2025 18:29:01	Reading UID database.
04/24/2025 18:29:01	Start loading STAAD model.
04/24/2025 18:29:01	Reading model file.
04/24/2025 18:29:01	Reading model file is complete.
04/24/2025 18:29:01	Processing support.
04/24/2025 18:29:01	Processing springs.
04/24/2025 18:29:01	Processing properties.
04/24/2025 18:29:01	Processing physical properties.
04/24/2025 18:29:01	Processing constants.
04/24/2025 18:29:01	Processing BETA constants.
04/24/2025 18:29:01	Processing hidden analytical member loads.
04/24/2025 18:29:01	Processing command list for member release.
04/24/2025 18:29:01	Processing command list for member offset.
04/24/2025 18:29:01	Processing command list for member specs (cracked).
04/24/2025 18:29:01	Processing command list for member specs (axial).
04/24/2025 18:29:01	Processing command list for element release.
04/24/2025 18:29:01	Processing command list for element offset.
04/24/2025 18:29:01	Processing command list for element plate stress directive.
04/24/2025 18:29:01	Processing parameter for Chinese wind load case.
04/24/2025 18:29:01	End Processing command list.
04/24/2025 18:29:01	End loading STAAD model.
04/24/2025 18:29:01	Start Post Analysis method
04/24/2025 18:29:01	Removed all hidden plates from surfaces
04/24/2025 18:29:01	Removed all hidden plates
04/24/2025 18:29:01	Removed all hidden nodes
04/24/2025 18:29:01	Loading results from MSH file...
04/24/2025 18:29:01	Building result indices...
04/24/2025 18:29:01	Loading plate stress results...
04/24/2025 18:29:01	Set analysis report setup data
04/24/2025 18:29:01	Starting page setup...
04/24/2025 18:29:01	Page setup completed
04/24/2025 18:29:01	Setting available workflows...
04/24/2025 18:29:01	Post analysis method ends
04/24/2025 18:29:24	Reading UID database.
04/24/2025 18:29:24	Start loading STAAD model.
04/24/2025 18:29:24	Reading model file.
04/24/2025 18:29:24	Reading model file is complete.
04/24/2025 18:29:24	Processing support.
04/24/2025 18:29:24	Processing springs.
04/24/2025 18:29:24	Processing properties.
04/24/2025 18:29:24	Processing physical properties.
04/24/2025 18:29:24	Processing constants.
04/24/2025 18:29:24	Processing BETA constants.
04/24/2025 18:29:24	Processing hidden analytical member loads.
04/24/2025 18:29:24	Processing command list for member release.
04/24/2025 18:29:24	Processing command list for member offset.
04/24/2025 18:29:24	Processing command list for member specs (cracked).
04/24/2025 18:29:24	Processing command list for member specs (axial).
04/24/2025 18:29:24	Processing command list for element release.
04/24/2025 18:29:24	Processing command list for element offset.
04/24/2025 18:29:24	Processing command list for element plate stress directive.
04/24/2025 18:29:24	Processing parameter for Chinese wind load case.
04/24/2025 18:29:24	End Processing command list.
04/24/2025 18:29:24	End loading STAAD model.
04/24/2025 18:29:24	Start Post Analysis method
04/24/2025 18:29:24	Removed all hidden plates from surfaces
04/24/2025 18:29:24	Removed all hidden plates
04/24/2025 18:29:24	Removed all hidden nodes
04/24/2025 18:29:24	Loading results from MSH file...
04/24/2025 18:29:24	Building result indices...
04/24/2025 18:29:24	Loading plate stress results...
04/24/2025 18:29:24	Set analysis report setup data
04/24/2025 18:29:25	Starting page setup...
04/24/2025 18:29:25	Page setup completed
04/24/2025 18:29:25	Setting available workflows...
04/24/2025 18:29:25	Post analysis method ends
